Status: 404
Message: Uma ou mais categorias não foram encontradas
Time: 2025-02-17T08:31:36.119Z

Status: 404
Message: Página não encontrada
Time: 2025-02-17T08:39:55.585Z

Status: 404
Message: Página não encontrada
Time: 2025-02-17T08:40:59.218Z

Status: 404
Message: Página não encontrada
Time: 2025-02-17T08:41:05.830Z

Status: 404
Message: Página não encontrada
Time: 2025-02-17T08:42:55.829Z

Status: 404
Message: Página não encontrada
Time: 2025-02-17T08:42:58.083Z

Status: 404
Message: Página não encontrada
Time: 2025-02-17T08:45:31.012Z

Status: 404
Message: Acesso não autorizado
Time: 2025-02-17T08:49:37.327Z

Status: 404
Message: Página não encontrada
Time: 2025-02-17T08:51:39.486Z

